# JRE version: OpenJDK Runtime Environment Temurin-21.0.8+9 (21.0.8+9) (build 21.0.8+9-LTS)
# Java VM: OpenJDK 64-Bit Server VM Temurin-21.0.8+9 (21.0.8+9-LTS, mixed mode, sharing, tiered, compressed oops, compressed class ptrs, parallel gc, windows-amd64)
GC Precious Log:
 CardTable entry size: 512
 CPUs: 16 total, 16 available
 Memory: 16149M
 Large Page Support: Disabled
 NUMA Support: Disabled
 Compressed Oops: Enabled (32-bit)
 Alignments: Space 512K, Generation 512K, Heap 2M
 Heap Min Capacity: 100M
 Heap Initial Capacity: 100M
 Heap Max Capacity: 2G
 Pre-touch: Disabled
 Parallel Workers: 13
Heap:
 PSYoungGen      total 10752K, used 1440K [0x00000000d5580000, 0x00000000d6980000, 0x0000000100000000)
  eden space 9216K, 0% used [0x00000000d5580000,0x00000000d55901d0,0x00000000d5e80000)
  from space 1536K, 89% used [0x00000000d6800000,0x00000000d6958000,0x00000000d6980000)
  to   space 4096K, 0% used [0x00000000d6180000,0x00000000d6180000,0x00000000d6580000)
 ParOldGen       total 723456K, used 723090K [0x0000000080000000, 0x00000000ac280000, 0x00000000d5580000)
  object space 723456K, 99% used [0x0000000080000000,0x00000000ac224858,0x00000000ac280000)
 Metaspace       used 81443K, committed 82944K, reserved 1179648K
  class space    used 8183K, committed 8832K, reserved 1048576K
GC Heap History (20 events):
Event: 6141.418 GC heap before
{Heap before GC invocations=2680 (full 10):
 PSYoungGen      total 8192K, used 7367K [0x00000000d5580000, 0x00000000d6180000, 0x0000000100000000)
  eden space 4096K, 99% used [0x00000000d5580000,0x00000000d5979ee8,0x00000000d5980000)
  from space 4096K, 80% used [0x00000000d5d80000,0x00000000d60b8000,0x00000000d6180000)
  to   space 4096K, 0% used [0x00000000d5980000,0x00000000d5980000,0x00000000d5d80000)
 ParOldGen       total 631808K, used 631442K [0x0000000080000000, 0x00000000a6900000, 0x00000000d5580000)
  object space 631808K, 99% used [0x0000000080000000,0x00000000a68a4860,0x00000000a6900000)
 Metaspace       used 81380K, committed 82816K, reserved 1179648K
  class space    used 8183K, committed 8832K, reserved 1048576K
}
Event: 6141.420 GC heap after
{Heap after GC invocations=2680 (full 10):
 PSYoungGen      total 8192K, used 3752K [0x00000000d5580000, 0x00000000d6280000, 0x0000000100000000)
  eden space 4096K, 0% used [0x00000000d5580000,0x00000000d5580000,0x00000000d5980000)
  from space 4096K, 91% used [0x00000000d5980000,0x00000000d5d2a000,0x00000000d5d80000)
  to   space 4096K, 0% used [0x00000000d5e80000,0x00000000d5e80000,0x00000000d6280000)
 ParOldGen       total 634880K, used 634570K [0x0000000080000000, 0x00000000a6c00000, 0x00000000d5580000)
  object space 634880K, 99% used [0x0000000080000000,0x00000000a6bb2860,0x00000000a6c00000)
 Metaspace       used 81380K, committed 82816K, reserved 1179648K
  class space    used 8183K, committed 8832K, reserved 1048576K
}
Event: 6141.452 GC heap before
{Heap before GC invocations=2681 (full 10):
 PSYoungGen      total 8192K, used 7624K [0x00000000d5580000, 0x00000000d6280000, 0x0000000100000000)
  eden space 4096K, 94% used [0x00000000d5580000,0x00000000d5948300,0x00000000d5980000)
  from space 4096K, 91% used [0x00000000d5980000,0x00000000d5d2a000,0x00000000d5d80000)
  to   space 4096K, 0% used [0x00000000d5e80000,0x00000000d5e80000,0x00000000d6280000)
 ParOldGen       total 634880K, used 634570K [0x0000000080000000, 0x00000000a6c00000, 0x00000000d5580000)
  object space 634880K, 99% used [0x0000000080000000,0x00000000a6bb2860,0x00000000a6c00000)
 Metaspace       used 81380K, committed 82816K, reserved 1179648K
  class space    used 8183K, committed 8832K, reserved 1048576K
}
Event: 6141.457 GC heap after
{Heap after GC invocations=2681 (full 10):
 PSYoungGen      total 9216K, used 3536K [0x00000000d5580000, 0x00000000d6280000, 0x0000000100000000)
  eden space 5120K, 0% used [0x00000000d5580000,0x00000000d5580000,0x00000000d5a80000)
  from space 4096K, 86% used [0x00000000d5e80000,0x00000000d61f4000,0x00000000d6280000)
  to   space 4096K, 0% used [0x00000000d5a80000,0x00000000d5a80000,0x00000000d5e80000)
 ParOldGen       total 637440K, used 637058K [0x0000000080000000, 0x00000000a6e80000, 0x00000000d5580000)
  object space 637440K, 99% used [0x0000000080000000,0x00000000a6e20860,0x00000000a6e80000)
 Metaspace       used 81380K, committed 82816K, reserved 1179648K
  class space    used 8183K, committed 8832K, reserved 1048576K
}
Event: 6141.461 GC heap before
{Heap before GC invocations=2682 (full 10):
 PSYoungGen      total 9216K, used 8656K [0x00000000d5580000, 0x00000000d6280000, 0x0000000100000000)
  eden space 5120K, 100% used [0x00000000d5580000,0x00000000d5a80000,0x00000000d5a80000)
  from space 4096K, 86% used [0x00000000d5e80000,0x00000000d61f4000,0x00000000d6280000)
  to   space 4096K, 0% used [0x00000000d5a80000,0x00000000d5a80000,0x00000000d5e80000)
 ParOldGen       total 637440K, used 637058K [0x0000000080000000, 0x00000000a6e80000, 0x00000000d5580000)
  object space 637440K, 99% used [0x0000000080000000,0x00000000a6e20860,0x00000000a6e80000)
 Metaspace       used 81380K, committed 82816K, reserved 1179648K
  class space    used 8183K, committed 8832K, reserved 1048576K
}
Event: 6141.464 GC heap after
{Heap after GC invocations=2682 (full 10):
 PSYoungGen      total 9216K, used 4074K [0x00000000d5580000, 0x00000000d6e80000, 0x0000000100000000)
  eden space 5120K, 0% used [0x00000000d5580000,0x00000000d5580000,0x00000000d5a80000)
  from space 4096K, 99% used [0x00000000d5a80000,0x00000000d5e7aaa0,0x00000000d5e80000)
  to   space 9728K, 0% used [0x00000000d6500000,0x00000000d6500000,0x00000000d6e80000)
 ParOldGen       total 641536K, used 641474K [0x0000000080000000, 0x00000000a7280000, 0x00000000d5580000)
  object space 641536K, 99% used [0x0000000080000000,0x00000000a7270860,0x00000000a7280000)
 Metaspace       used 81380K, committed 82816K, reserved 1179648K
  class space    used 8183K, committed 8832K, reserved 1048576K
}
Event: 6141.473 GC heap before
{Heap before GC invocations=2683 (full 10):
 PSYoungGen      total 9216K, used 9058K [0x00000000d5580000, 0x00000000d6e80000, 0x0000000100000000)
  eden space 5120K, 97% used [0x00000000d5580000,0x00000000d5a5df10,0x00000000d5a80000)
  from space 4096K, 99% used [0x00000000d5a80000,0x00000000d5e7aaa0,0x00000000d5e80000)
  to   space 9728K, 0% used [0x00000000d6500000,0x00000000d6500000,0x00000000d6e80000)
 ParOldGen       total 641536K, used 641474K [0x0000000080000000, 0x00000000a7280000, 0x00000000d5580000)
  object space 641536K, 99% used [0x0000000080000000,0x00000000a7270860,0x00000000a7280000)
 Metaspace       used 81380K, committed 82816K, reserved 1179648K
  class space    used 8183K, committed 8832K, reserved 1048576K
}
Event: 6141.476 GC heap after
{Heap after GC invocations=2683 (full 10):
 PSYoungGen      total 10752K, used 4520K [0x00000000d5580000, 0x00000000d6980000, 0x0000000100000000)
  eden space 6144K, 0% used [0x00000000d5580000,0x00000000d5580000,0x00000000d5b80000)
  from space 4608K, 98% used [0x00000000d6500000,0x00000000d696a000,0x00000000d6980000)
  to   space 6144K, 0% used [0x00000000d5d80000,0x00000000d5d80000,0x00000000d6380000)
 ParOldGen       total 646656K, used 646351K [0x0000000080000000, 0x00000000a7780000, 0x00000000d5580000)
  object space 646656K, 99% used [0x0000000080000000,0x00000000a7733da0,0x00000000a7780000)
 Metaspace       used 81380K, committed 82816K, reserved 1179648K
  class space    used 8183K, committed 8832K, reserved 1048576K
}
Event: 6141.485 GC heap before
{Heap before GC invocations=2684 (full 10):
 PSYoungGen      total 10752K, used 10659K [0x00000000d5580000, 0x00000000d6980000, 0x0000000100000000)
  eden space 6144K, 99% used [0x00000000d5580000,0x00000000d5b7eed8,0x00000000d5b80000)
  from space 4608K, 98% used [0x00000000d6500000,0x00000000d696a000,0x00000000d6980000)
  to   space 6144K, 0% used [0x00000000d5d80000,0x00000000d5d80000,0x00000000d6380000)
 ParOldGen       total 646656K, used 646351K [0x0000000080000000, 0x00000000a7780000, 0x00000000d5580000)
  object space 646656K, 99% used [0x0000000080000000,0x00000000a7733da0,0x00000000a7780000)
 Metaspace       used 81380K, committed 82816K, reserved 1179648K
  class space    used 8183K, committed 8832K, reserved 1048576K
}
Event: 6141.489 GC heap after
{Heap after GC invocations=2684 (full 10):
 PSYoungGen      total 13312K, used 5323K [0x00000000d5580000, 0x00000000d6800000, 0x0000000100000000)
  eden space 7680K, 0% used [0x00000000d5580000,0x00000000d5580000,0x00000000d5d00000)
  from space 5632K, 94% used [0x00000000d5d80000,0x00000000d62b2cd0,0x00000000d6300000)
  to   space 5120K, 0% used [0x00000000d6300000,0x00000000d6300000,0x00000000d6800000)
 ParOldGen       total 650752K, used 650511K [0x0000000080000000, 0x00000000a7b80000, 0x00000000d5580000)
  object space 650752K, 99% used [0x0000000080000000,0x00000000a7b43da0,0x00000000a7b80000)
 Metaspace       used 81380K, committed 82816K, reserved 1179648K
  class space    used 8183K, committed 8832K, reserved 1048576K
}
Event: 6141.522 GC heap before
{Heap before GC invocations=2685 (full 10):
 PSYoungGen      total 13312K, used 12990K [0x00000000d5580000, 0x00000000d6800000, 0x0000000100000000)
  eden space 7680K, 99% used [0x00000000d5580000,0x00000000d5cfcb60,0x00000000d5d00000)
  from space 5632K, 94% used [0x00000000d5d80000,0x00000000d62b2cd0,0x00000000d6300000)
  to   space 5120K, 0% used [0x00000000d6300000,0x00000000d6300000,0x00000000d6800000)
 ParOldGen       total 650752K, used 650511K [0x0000000080000000, 0x00000000a7b80000, 0x00000000d5580000)
  object space 650752K, 99% used [0x0000000080000000,0x00000000a7b43da0,0x00000000a7b80000)
 Metaspace       used 81385K, committed 82816K, reserved 1179648K
  class space    used 8183K, committed 8832K, reserved 1048576K
}
Event: 6141.525 GC heap after
{Heap after GC invocations=2685 (full 10):
 PSYoungGen      total 13824K, used 3948K [0x00000000d5580000, 0x00000000d6780000, 0x0000000100000000)
  eden space 9216K, 0% used [0x00000000d5580000,0x00000000d5580000,0x00000000d5e80000)
  from space 4608K, 85% used [0x00000000d6300000,0x00000000d66db2b8,0x00000000d6780000)
  to   space 4608K, 0% used [0x00000000d5e80000,0x00000000d5e80000,0x00000000d6300000)
 ParOldGen       total 654336K, used 653890K [0x0000000080000000, 0x00000000a7f00000, 0x00000000d5580000)
  object space 654336K, 99% used [0x0000000080000000,0x00000000a7e90988,0x00000000a7f00000)
 Metaspace       used 81385K, committed 82816K, reserved 1179648K
  class space    used 8183K, committed 8832K, reserved 1048576K
}
Event: 6141.547 GC heap before
{Heap before GC invocations=2686 (full 10):
 PSYoungGen      total 13824K, used 13164K [0x00000000d5580000, 0x00000000d6780000, 0x0000000100000000)
  eden space 9216K, 100% used [0x00000000d5580000,0x00000000d5e80000,0x00000000d5e80000)
  from space 4608K, 85% used [0x00000000d6300000,0x00000000d66db2b8,0x00000000d6780000)
  to   space 4608K, 0% used [0x00000000d5e80000,0x00000000d5e80000,0x00000000d6300000)
 ParOldGen       total 717824K, used 715330K [0x0000000080000000, 0x00000000abd00000, 0x00000000d5580000)
  object space 717824K, 99% used [0x0000000080000000,0x00000000aba909e8,0x00000000abd00000)
 Metaspace       used 81391K, committed 82816K, reserved 1179648K
  class space    used 8183K, committed 8832K, reserved 1048576K
}
Event: 6141.549 GC heap after
{Heap after GC invocations=2686 (full 10):
 PSYoungGen      total 13824K, used 4601K [0x00000000d5580000, 0x00000000d7180000, 0x0000000100000000)
  eden space 9216K, 0% used [0x00000000d5580000,0x00000000d5580000,0x00000000d5e80000)
  from space 4608K, 99% used [0x00000000d5e80000,0x00000000d62fe708,0x00000000d6300000)
  to   space 8704K, 0% used [0x00000000d6900000,0x00000000d6900000,0x00000000d7180000)
 ParOldGen       total 718848K, used 718504K [0x0000000080000000, 0x00000000abe00000, 0x00000000d5580000)
  object space 718848K, 99% used [0x0000000080000000,0x00000000abdaa260,0x00000000abe00000)
 Metaspace       used 81391K, committed 82816K, reserved 1179648K
  class space    used 8183K, committed 8832K, reserved 1048576K
}
Event: 6142.075 GC heap before
{Heap before GC invocations=2687 (full 10):
 PSYoungGen      total 13824K, used 13817K [0x00000000d5580000, 0x00000000d7180000, 0x0000000100000000)
  eden space 9216K, 100% used [0x00000000d5580000,0x00000000d5e80000,0x00000000d5e80000)
  from space 4608K, 99% used [0x00000000d5e80000,0x00000000d62fe708,0x00000000d6300000)
  to   space 8704K, 0% used [0x00000000d6900000,0x00000000d6900000,0x00000000d7180000)
 ParOldGen       total 718848K, used 718504K [0x0000000080000000, 0x00000000abe00000, 0x00000000d5580000)
  object space 718848K, 99% used [0x0000000080000000,0x00000000abdaa260,0x00000000abe00000)
 Metaspace       used 81397K, committed 82816K, reserved 1179648K
  class space    used 8183K, committed 8832K, reserved 1048576K
}
Event: 6142.076 GC heap after
{Heap after GC invocations=2687 (full 10):
 PSYoungGen      total 10752K, used 1408K [0x00000000d5580000, 0x00000000d6a80000, 0x0000000100000000)
  eden space 9216K, 0% used [0x00000000d5580000,0x00000000d5580000,0x00000000d5e80000)
  from space 1536K, 91% used [0x00000000d6900000,0x00000000d6a60010,0x00000000d6a80000)
  to   space 4096K, 0% used [0x00000000d6280000,0x00000000d6280000,0x00000000d6680000)
 ParOldGen       total 718848K, used 718760K [0x0000000080000000, 0x00000000abe00000, 0x00000000d5580000)
  object space 718848K, 99% used [0x0000000080000000,0x00000000abdea260,0x00000000abe00000)
 Metaspace       used 81397K, committed 82816K, reserved 1179648K
  class space    used 8183K, committed 8832K, reserved 1048576K
}
Event: 6142.095 GC heap before
{Heap before GC invocations=2688 (full 10):
 PSYoungGen      total 10752K, used 10624K [0x00000000d5580000, 0x00000000d6a80000, 0x0000000100000000)
  eden space 9216K, 100% used [0x00000000d5580000,0x00000000d5e80000,0x00000000d5e80000)
  from space 1536K, 91% used [0x00000000d6900000,0x00000000d6a60010,0x00000000d6a80000)
  to   space 4096K, 0% used [0x00000000d6280000,0x00000000d6280000,0x00000000d6680000)
 ParOldGen       total 718848K, used 718760K [0x0000000080000000, 0x00000000abe00000, 0x00000000d5580000)
  object space 718848K, 99% used [0x0000000080000000,0x00000000abdea260,0x00000000abe00000)
 Metaspace       used 81398K, committed 82816K, reserved 1179648K
  class space    used 8183K, committed 8832K, reserved 1048576K
}
Event: 6142.097 GC heap after
{Heap after GC invocations=2688 (full 10):
 PSYoungGen      total 13312K, used 4068K [0x00000000d5580000, 0x00000000d7180000, 0x0000000100000000)
  eden space 9216K, 0% used [0x00000000d5580000,0x00000000d5580000,0x00000000d5e80000)
  from space 4096K, 99% used [0x00000000d6280000,0x00000000d6679248,0x00000000d6680000)
  to   space 9728K, 0% used [0x00000000d6800000,0x00000000d6800000,0x00000000d7180000)
 ParOldGen       total 722944K, used 722778K [0x0000000080000000, 0x00000000ac200000, 0x00000000d5580000)
  object space 722944K, 99% used [0x0000000080000000,0x00000000ac1d6848,0x00000000ac200000)
 Metaspace       used 81398K, committed 82816K, reserved 1179648K
  class space    used 8183K, committed 8832K, reserved 1048576K
}
Event: 16842.082 GC heap before
{Heap before GC invocations=2689 (full 10):
 PSYoungGen      total 13312K, used 13284K [0x00000000d5580000, 0x00000000d7180000, 0x0000000100000000)
  eden space 9216K, 100% used [0x00000000d5580000,0x00000000d5e80000,0x00000000d5e80000)
  from space 4096K, 99% used [0x00000000d6280000,0x00000000d6679248,0x00000000d6680000)
  to   space 9728K, 0% used [0x00000000d6800000,0x00000000d6800000,0x00000000d7180000)
 ParOldGen       total 722944K, used 722778K [0x0000000080000000, 0x00000000ac200000, 0x00000000d5580000)
  object space 722944K, 99% used [0x0000000080000000,0x00000000ac1d6848,0x00000000ac200000)
 Metaspace       used 81443K, committed 82944K, reserved 1179648K
  class space    used 8183K, committed 8832K, reserved 1048576K
}
Event: 16842.089 GC heap after
{Heap after GC invocations=2689 (full 10):
 PSYoungGen      total 10752K, used 1376K [0x00000000d5580000, 0x00000000d6980000, 0x0000000100000000)
  eden space 9216K, 0% used [0x00000000d5580000,0x00000000d5580000,0x00000000d5e80000)
  from space 1536K, 89% used [0x00000000d6800000,0x00000000d6958000,0x00000000d6980000)
  to   space 4096K, 0% used [0x00000000d6180000,0x00000000d6180000,0x00000000d6580000)
 ParOldGen       total 723456K, used 723090K [0x0000000080000000, 0x00000000ac280000, 0x00000000d5580000)
  object space 723456K, 99% used [0x0000000080000000,0x00000000ac224858,0x00000000ac280000)
 Metaspace       used 81443K, committed 82944K, reserved 1179648K
  class space    used 8183K, committed 8832K, reserved 1048576K
}

